<?xml version="1.0" encoding="UTF-8"?>
<testsuite xmlns:xsi="http://www.w3.org/2001/XMLSchema-instance" xsi:noNamespaceSchemaLocation="https://maven.apache.org/surefire/maven-surefire-plugin/xsd/surefire-test-report-3.0.xsd" version="3.0" name="com.nahudev.electronic_shop.ElectronicShopApplicationTests" time="9.569" tests="1" errors="0" skipped="0" failures="0">
  <properties>
[...]
</properties>
  <testcase name="contextLoads" classname="com.nahudev.electronic_shop.ElectronicShopApplicationTests" time="0.514">
    <system-out><![CDATA[Standard Commons Logging discovery in action with spring-jcl: please remove commons-logging.jar from classpath in order to avoid potential conflicts
16:56:13.673 [main] INFO org.springframework.test.context.support.AnnotationConfigContextLoaderUtils -- Could not detect default configuration classes for test class [com.nahudev.electronic_shop.ElectronicShopApplicationTests]: ElectronicShopApplicationTests does not declare any static, non-private, non-final, nested classes annotated with @Configuration.
16:56:13.855 [main] INFO org.springframework.boot.test.context.SpringBootTestContextBootstrapper -- Found @SpringBootConfiguration com.nahudev.electronic_shop.ElectronicShopApplication for test class com.nahudev.electronic_shop.ElectronicShopApplicationTests
16:56:14.174 [main] INFO org.springframework.boot.devtools.restart.RestartApplicationListener -- Restart disabled due to context in which it is running

  .   ____          _            __ _ _
 /\\ / ___'_ __ _ _(_)_ __  __ _ \ \ \ \
( ( )\___ | '_ | '_| | '_ \/ _` | \ \ \ \
 \\/  ___)| |_)| | | | | || (_| |  ) ) ) )
  '  |____| .__|_| |_|_| |_\__, | / / / /
 =========|_|==============|___/=/_/_/_/

 :: Spring Boot ::                (v3.3.4)

2025-03-13T16:56:14.534-03:00  WARN 6588 --- [electronic-shop] [           main] ory$DuplicateJsonObjectContextCustomizer : 

Found multiple occurrences of org.json.JSONObject on the class path:

	jar:file:/C:/Users/Nahuel/.m2/repository/org/json/json/20210307/json-20210307.jar!/org/json/JSONObject.class
	jar:file:/C:/Users/Nahuel/.m2/repository/com/vaadin/external/google/android-json/0.0.20131108.vaadin1/android-json-0.0.20131108.vaadin1.jar!/org/json/JSONObject.class

You may wish to exclude one of them to ensure predictable runtime behavior

2025-03-13T16:56:14.565-03:00  INFO 6588 --- [electronic-shop] [           main] c.n.e.ElectronicShopApplicationTests     : Starting ElectronicShopApplicationTests using Java 17.0.2 with PID 6588 (started by Nahuel in D:\Games\Todocode\Proyectos\electronic-shop-backend\electronic-shop)
2025-03-13T16:56:14.566-03:00  INFO 6588 --- [electronic-shop] [           main] c.n.e.ElectronicShopApplicationTests     : No active profile set, falling back to 1 default profile: "default"
2025-03-13T16:56:15.800-03:00  INFO 6588 --- [electronic-shop] [           main] .s.d.r.c.RepositoryConfigurationDelegate : Bootstrapping Spring Data JPA repositories in DEFAULT mode.
2025-03-13T16:56:15.926-03:00  INFO 6588 --- [electronic-shop] [           main] .s.d.r.c.RepositoryConfigurationDelegate : Finished Spring Data repository scanning in 111 ms. Found 11 JPA repository interfaces.
2025-03-13T16:56:16.783-03:00  INFO 6588 --- [electronic-shop] [           main] o.hibernate.jpa.internal.util.LogHelper  : HHH000204: Processing PersistenceUnitInfo [name: default]
2025-03-13T16:56:16.905-03:00  INFO 6588 --- [electronic-shop] [           main] org.hibernate.Version                    : HHH000412: Hibernate ORM core version 6.5.3.Final
2025-03-13T16:56:16.974-03:00  INFO 6588 --- [electronic-shop] [           main] o.h.c.internal.RegionFactoryInitiator    : HHH000026: Second-level cache disabled
2025-03-13T16:56:17.520-03:00  INFO 6588 --- [electronic-shop] [           main] o.s.o.j.p.SpringPersistenceUnitInfo      : No LoadTimeWeaver setup: ignoring JPA class transformer
2025-03-13T16:56:17.572-03:00  INFO 6588 --- [electronic-shop] [           main] com.zaxxer.hikari.HikariDataSource       : HikariPool-1 - Starting...
2025-03-13T16:56:17.939-03:00  INFO 6588 --- [electronic-shop] [           main] com.zaxxer.hikari.pool.HikariPool        : HikariPool-1 - Added connection org.postgresql.jdbc.PgConnection@66b6873f
2025-03-13T16:56:17.942-03:00  INFO 6588 --- [electronic-shop] [           main] com.zaxxer.hikari.HikariDataSource       : HikariPool-1 - Start completed.
2025-03-13T16:56:18.021-03:00  WARN 6588 --- [electronic-shop] [           main] org.hibernate.orm.deprecation            : HHH90000025: PostgreSQLDialect does not need to be specified explicitly using 'hibernate.dialect' (remove the property setting and it will be selected by default)
2025-03-13T16:56:19.562-03:00  INFO 6588 --- [electronic-shop] [           main] o.h.e.t.j.p.i.JtaPlatformInitiator       : HHH000489: No JTA platform available (set 'hibernate.transaction.jta.platform' to enable JTA platform integration)
2025-03-13T16:56:19.832-03:00  INFO 6588 --- [electronic-shop] [           main] j.LocalContainerEntityManagerFactoryBean : Initialized JPA EntityManagerFactory for persistence unit 'default'
2025-03-13T16:56:20.423-03:00  INFO 6588 --- [electronic-shop] [           main] eAuthenticationProviderManagerConfigurer : Global AuthenticationManager configured with AuthenticationProvider bean with name daoAuthenticationProvider
2025-03-13T16:56:20.425-03:00  WARN 6588 --- [electronic-shop] [           main] r$InitializeUserDetailsManagerConfigurer : Global AuthenticationManager configured with an AuthenticationProvider bean. UserDetailsService beans will not be used for username/password login. Consider removing the AuthenticationProvider bean. Alternatively, consider using the UserDetailsService in a manually instantiated DaoAuthenticationProvider.
2025-03-13T16:56:20.460-03:00  INFO 6588 --- [electronic-shop] [           main] o.s.d.j.r.query.QueryEnhancerFactory     : Hibernate is in classpath; If applicable, HQL parser will be used.
2025-03-13T16:56:21.304-03:00  WARN 6588 --- [electronic-shop] [           main] JpaBaseConfiguration$JpaWebConfiguration : spring.jpa.open-in-view is enabled by default. Therefore, database queries may be performed during view rendering. Explicitly configure spring.jpa.open-in-view to disable this warning
2025-03-13T16:56:22.431-03:00  INFO 6588 --- [electronic-shop] [           main] c.n.e.ElectronicShopApplicationTests     : Started ElectronicShopApplicationTests in 8.284 seconds (process running for 9.869)
]]></system-out>
  </testcase>
</testsuite>